<?xml version="1.0" encoding="UTF-8"?>
<!-- Generated by org.testng.reporters.JUnitReportReporter -->
<testsuite skipped="0" hostname="DESKTOP-USC532Q" name="QualityKiosksTraining.OrangeHRMTestCases.TestCases.InvalidLoginTestCases" tests="4" failures="0" timestamp="2021-05-31T09:34:22 IST" time="2.912" errors="0">
  <testcase name="TestLoginWithInValidCrdentials" time="1.001" classname="QualityKiosksTraining.OrangeHRMTestCases.TestCases.InvalidLoginTestCases"/>
  <system-out/>
  <testcase name="TestLoginWithInValidCrdentials" time="0.314" classname="QualityKiosksTraining.OrangeHRMTestCases.TestCases.InvalidLoginTestCases"/>
  <system-out/>
  <testcase name="TestLoginWithInValidCrdentials" time="0.407" classname="QualityKiosksTraining.OrangeHRMTestCases.TestCases.InvalidLoginTestCases"/>
  <system-out/>
  <testcase name="TestLoginWithInValidCrdentials" time="1.190" classname="QualityKiosksTraining.OrangeHRMTestCases.TestCases.InvalidLoginTestCases"/>
  <system-out/>
</testsuite> <!-- QualityKiosksTraining.OrangeHRMTestCases.TestCases.InvalidLoginTestCases -->
