<?xml version="1.0" encoding="UTF-8"?>
<!-- Generated by org.testng.reporters.JUnitReportReporter -->
<testsuite skipped="0" hostname="DESKTOP-USC532Q" name="QualityKiosksTraining.OrangeHRMTestCases.TestCases.InvalidLoginTestCases" tests="4" failures="0" timestamp="2021-05-31T10:11:09 IST" time="2.845" errors="0">
  <testcase name="TestLoginWithInValidCrdentials" time="0.515" classname="QualityKiosksTraining.OrangeHRMTestCases.TestCases.InvalidLoginTestCases"/>
  <system-out/>
  <testcase name="TestLoginWithInValidCrdentials" time="0.385" classname="QualityKiosksTraining.OrangeHRMTestCases.TestCases.InvalidLoginTestCases"/>
  <system-out/>
  <testcase name="TestLoginWithInValidCrdentials" time="0.673" classname="QualityKiosksTraining.OrangeHRMTestCases.TestCases.InvalidLoginTestCases"/>
  <system-out/>
  <testcase name="TestLoginWithInValidCrdentials" time="1.272" classname="QualityKiosksTraining.OrangeHRMTestCases.TestCases.InvalidLoginTestCases"/>
  <system-out/>
</testsuite> <!-- QualityKiosksTraining.OrangeHRMTestCases.TestCases.InvalidLoginTestCases -->
